<?xml version="1.0" encoding="UTF-8"?>
<!-- Generated by org.testng.reporters.JUnitXMLReporter -->
<testsuite ignored="0" hostname="Dinesh" failures="0" tests="1" name="Test" time="0.367" errors="0" timestamp="24 Feb 2021 05:49:22 GMT">
  <testcase classname="com.BaseTest.app.BaseTest" name="@BeforeMethod setup_browser" time="0.298">
    <failure type="java.lang.IllegalStateException" message="The driver executable does not exist: C:\Users\Dines\EcliWrkSp\Practice4Automatoin\.src\test\resources\drivers\chromedriver.exe">
      <![CDATA[java.lang.IllegalStateException: The driver executable does not exist: C:\Users\Dines\EcliWrkSp\Practice4Automatoin\.src\test\resources\drivers\chromedriver.exe
at com.google.common.base.Preconditions.checkState(Preconditions.java:585)
at org.openqa.selenium.remote.service.DriverService.checkExecutable(DriverService.java:146)
at org.openqa.selenium.remote.service.DriverService.findExecutable(DriverService.java:141)
at org.openqa.selenium.chrome.ChromeDriverService.access$000(ChromeDriverService.java:35)
at org.openqa.selenium.chrome.ChromeDriverService$Builder.findDefaultExecutable(ChromeDriverService.java:159)
at org.openqa.selenium.remote.service.DriverService$Builder.build(DriverService.java:355)
at org.openqa.selenium.chrome.ChromeDriverService.createDefaultService(ChromeDriverService.java:94)
at org.openqa.selenium.chrome.ChromeDriver.<init>(ChromeDriver.java:123)
at com.org.dinesh.driverfactory.driverFactory.init_driver(driverFactory.java:23)
at com.BaseTest.app.BaseTest.setup_browser(BaseTest.java:17)
at java.base/java.util.concurrent.ThreadPoolExecutor.runWorker(ThreadPoolExecutor.java:1130)
at java.base/java.util.concurrent.ThreadPoolExecutor$Worker.run(ThreadPoolExecutor.java:630)
at java.base/java.lang.Thread.run(Thread.java:832)
... Removed 13 stack frames]]>
    </failure>
  </testcase> <!-- @BeforeMethod setup_browser -->
  <testcase classname="com.BaseTest.app.BaseTest" name="@AfterMethod TearDown" time="0.0">
    <skipped/>
  </testcase> <!-- @AfterMethod TearDown -->
  <testcase classname="com.qa.testcases.LoginPage_Test_Orange" name="loginandlogoutTest" time="0.0">
    <skipped/>
  </testcase> <!-- loginandlogoutTest -->
</testsuite> <!-- Test -->
